16:41:15:180 [35516] | INFO  | Initializing crosire's ReShade version '6.5.1.2008' (64-bit) loaded from 'D:\Steam\steamapps\common\Ori and the Will of the Wisps\dxgi.dll' into 'D:\Steam\steamapps\common\Ori and the Will of the Wisps\oriwotw.exe' (0x8AD3A5F4) ...
16:41:15:180 [35516] | INFO  | Registering hooks for 'user32.dll' ...
16:41:15:180 [35516] | INFO  | > Libraries loaded.
16:41:15:180 [35516] | INFO  | > Found 21 match(es). Installing ...
16:41:15:224 [35516] | INFO  | Registering hooks for 'C:\WINDOWS\system32\dinput.dll' ...
16:41:15:224 [35516] | INFO  | > Delayed.
16:41:15:224 [35516] | INFO  | Registering hooks for 'C:\WINDOWS\system32\dinput8.dll' ...
16:41:15:224 [35516] | INFO  | > Delayed.
16:41:15:224 [35516] | INFO  | Registering hooks for 'C:\WINDOWS\system32\d2d1.dll' ...
16:41:15:224 [35516] | INFO  | > Delayed.
16:41:15:224 [35516] | INFO  | Registering hooks for 'C:\WINDOWS\system32\d3d9.dll' ...
16:41:15:224 [35516] | INFO  | > Delayed.
16:41:15:225 [35516] | INFO  | Registering hooks for 'C:\WINDOWS\system32\d3d10.dll' ...
16:41:15:225 [35516] | INFO  | > Delayed.
16:41:15:225 [35516] | INFO  | Registering hooks for 'C:\WINDOWS\system32\d3d10_1.dll' ...
16:41:15:225 [35516] | INFO  | > Delayed.
16:41:15:225 [35516] | INFO  | Registering hooks for 'C:\WINDOWS\system32\d3d11.dll' ...
16:41:15:225 [35516] | INFO  | > Libraries loaded.
16:41:15:226 [35516] | INFO  | > Found 3 match(es). Installing ...
16:41:15:263 [35516] | INFO  | Registering hooks for 'C:\WINDOWS\system32\d3d12.dll' ...
16:41:15:263 [35516] | INFO  | > Delayed.
16:41:15:263 [35516] | INFO  | Registering hooks for 'C:\WINDOWS\system32\dxgi.dll' ...
16:41:15:263 [35516] | INFO  | > Delayed until first call to an exported function.
16:41:15:263 [35516] | INFO  | Registering hooks for 'openvr_api.dll' ...
16:41:15:263 [35516] | INFO  | > Delayed.
16:41:15:263 [35516] | INFO  | Initialized.
16:41:15:263 [35516] | INFO  | Redirecting CreateDXGIFactory1(riid = {7B7166EC-21C7-44AE-B21A-C9AE321AE369}, ppFactory = 00007FFBCD1EDDF0) ...
16:41:15:295 [35516] | INFO  | Installing export hooks for 'C:\WINDOWS\system32\dxgi.dll' ...
16:41:15:295 [35516] | INFO  | > Found 5 match(es). Installing ...
16:41:15:299 [35516] | INFO  | Redirecting D3D11CreateDevice(pAdapter = 000001C3D5AB4620, DriverType = 0, Software = 0000000000000000, Flags = 0x1, pFeatureLevels = 000001C3B6B77580, FeatureLevels = 4, SDKVersion = 7, ppDevice = 00007FFBCD1EDDB8, pFeatureLevel = 00007FFBCD1A8800, ppImmediateContext = 00007FFBCD1EDDD8) ...
16:41:15:299 [35516] | INFO  | > Passing on to D3D11CreateDeviceAndSwapChain:
16:41:15:299 [35516] | INFO  | Redirecting D3D11CreateDeviceAndSwapChain(pAdapter = 000001C3D5AB4620, DriverType = 0, Software = 0000000000000000, Flags = 0x1, pFeatureLevels = 000001C3B6B77580, FeatureLevels = 4, SDKVersion = 7, pSwapChainDesc = 0000000000000000, ppSwapChain = 0000000000000000, ppDevice = 00007FFBCD1EDDB8, pFeatureLevel = 00007FFBCD1A8800, ppImmediateContext = 00007FFBCD1EDDD8) ...
16:41:15:299 [35516] | INFO  | Searching for add-ons (*.addon, *.addon64) in 'D:\Steam\steamapps\common\Ori and the Will of the Wisps' ...
16:41:15:344 [35516] | INFO  | Installing delayed hooks for 'C:\WINDOWS\system32\dinput8.dll' (Just loaded via LoadLibrary('C:\WINDOWS\SYSTEM32\DINPUT8.dll')) ...
16:41:15:344 [35516] | INFO  | > Found 2 match(es). Installing ...
16:41:15:572 [35516] | INFO  | Redirecting CreateDXGIFactory1(riid = {770AAE78-F26F-4DBA-A829-253C83D1B387}, ppFactory = 000000B54C4FBB08) ...
16:41:15:612 [35516] | INFO  | Using feature level b100.
16:41:15:612 [35516] | INFO  | Redirecting CreateDXGIFactory1(riid = {7B7166EC-21C7-44AE-B21A-C9AE321AE369}, ppFactory = 000000B54C4FEB48) ...
16:41:16:061 [35516] | INFO  | Redirecting CreateDXGIFactory1(riid = {7B7166EC-21C7-44AE-B21A-C9AE321AE369}, ppFactory = 000000B54C4FE468) ...
16:41:16:075 [35516] | INFO  | Redirecting IDXGIFactory2::CreateSwapChainForHwnd(this = 000001C3D5AA3180, pDevice = 000001C3D38B15E8, hWnd = 0000000000311A78, pDesc = 000000B54C4FE4A0, pFullscreenDesc = 000000B54C4FE4F0, pRestrictToOutput = 0000000000000000, ppSwapChain = ) ...
16:41:16:075 [35516] | INFO  | > Dumping swap chain description:
16:41:16:075 [35516] | INFO  |   +-----------------------------------------+-----------------------------------------+
16:41:16:075 [35516] | INFO  |   | Parameter                               | Value                                   |
16:41:16:075 [35516] | INFO  |   +-----------------------------------------+-----------------------------------------+
16:41:16:075 [35516] | INFO  |   | Width                                   | 2560                                    |
16:41:16:075 [35516] | INFO  |   | Height                                  | 1440                                    |
16:41:16:075 [35516] | INFO  |   | RefreshRate                             | 0                   1                   |
16:41:16:075 [35516] | INFO  |   | Format                                  | DXGI_FORMAT_R8G8B8A8_UNORM              |
16:41:16:075 [35516] | INFO  |   | Stereo                                  | FALSE                                   |
16:41:16:075 [35516] | INFO  |   | ScanlineOrdering                        | 0                                       |
16:41:16:077 [35516] | INFO  |   | Scaling                                 | 0                                       |
16:41:16:077 [35516] | INFO  |   | SampleCount                             | 1                                       |
16:41:16:077 [35516] | INFO  |   | SampleQuality                           | 0                                       |
16:41:16:077 [35516] | INFO  |   | BufferUsage                             | 0x30                                    |
16:41:16:077 [35516] | INFO  |   | BufferCount                             | 1                                       |
16:41:16:077 [35516] | INFO  |   | Windowed                                | TRUE                                    |
16:41:16:077 [35516] | INFO  |   | SwapEffect                              | 0                                       |
16:41:16:077 [35516] | INFO  |   | AlphaMode                               | 0                                       |
16:41:16:077 [35516] | INFO  |   | Flags                                   | 0x2                                     |
16:41:16:077 [35516] | INFO  |   +-----------------------------------------+-----------------------------------------+
16:41:16:084 [35516] | INFO  | Running on NVIDIA GeForce RTX 3080 Ti Driver 572.96.
16:41:17:132 [35516] | INFO  | Recreated runtime environment on runtime 000001C3F231BEF0 ('D:\Steam\steamapps\common\Ori and the Will of the Wisps\ReShade.ini').
16:41:17:149 [35516] | INFO  | Redirecting IDXGISwapChain::SetFullscreenState(this = 000001C3E3CE1EC0, Fullscreen = FALSE, pTarget = 0000000000000000) ...
16:41:17:150 [35516] | INFO  | Redirecting IDXGISwapChain::ResizeBuffers(this = 000001C3E3CE1EC0, BufferCount = 1, Width = 2560, Height = 1440, NewFormat = 28, SwapChainFlags = 0x2) ...
16:41:17:150 [35516] | INFO  | Destroyed runtime environment on runtime 000001C3F231BEF0 ('D:\Steam\steamapps\common\Ori and the Will of the Wisps\ReShade.ini').
16:41:17:152 [35516] | INFO  | Recreated runtime environment on runtime 000001C3F231BEF0 ('D:\Steam\steamapps\common\Ori and the Will of the Wisps\ReShade.ini').
16:41:17:170 [35516] | INFO  | Redirecting IDXGISwapChain::SetFullscreenState(this = 000001C3E3CE1EC0, Fullscreen = FALSE, pTarget = 0000000000000000) ...
16:41:17:170 [35516] | INFO  | Redirecting IDXGISwapChain::ResizeBuffers(this = 000001C3E3CE1EC0, BufferCount = 1, Width = 2560, Height = 1440, NewFormat = 28, SwapChainFlags = 0x2) ...
16:41:17:170 [35516] | INFO  | Destroyed runtime environment on runtime 000001C3F231BEF0 ('D:\Steam\steamapps\common\Ori and the Will of the Wisps\ReShade.ini').
16:41:17:173 [35516] | INFO  | Recreated runtime environment on runtime 000001C3F231BEF0 ('D:\Steam\steamapps\common\Ori and the Will of the Wisps\ReShade.ini').
16:41:17:399 [21760] | INFO  | Successfully compiled 'D:\Steam\steamapps\common\Ori and the Will of the Wisps\reshade-shaders\Shaders\LUT.fx' in 0.003000 s.
16:41:17:399 [24608] | INFO  | Successfully compiled 'D:\Steam\steamapps\common\Ori and the Will of the Wisps\reshade-shaders\Shaders\Daltonize.fx' in 0.003000 s.
16:41:17:399 [47604] | INFO  | Successfully compiled 'D:\Steam\steamapps\common\Ori and the Will of the Wisps\reshade-shaders\Shaders\Deband.fx' in 0.003000 s.
16:41:17:399 [27612] | INFO  | Successfully compiled 'D:\Steam\steamapps\common\Ori and the Will of the Wisps\reshade-shaders\Shaders\DisplayDepth.fx' in 0.003000 s.
16:41:17:399 [47612] | INFO  | Successfully compiled 'D:\Steam\steamapps\common\Ori and the Will of the Wisps\reshade-shaders\Shaders\UIMask.fx' in 0.003000 s.
16:41:17:412 [48232] | INFO  | Successfully compiled 'D:\Steam\steamapps\common\Ori and the Will of the Wisps\reshade-shaders\Shaders\Depth3D\SuperDepth3D.fx' in 0.017000 s.
16:41:17:514 [35516] | INFO  | Redirecting IDXGISwapChain::SetFullscreenState(this = 000001C3E3CE1EC0, Fullscreen = FALSE, pTarget = 0000000000000000) ...
16:41:17:514 [35516] | INFO  | Redirecting IDXGISwapChain::ResizeBuffers(this = 000001C3E3CE1EC0, BufferCount = 1, Width = 2560, Height = 1440, NewFormat = 28, SwapChainFlags = 0x2) ...
16:41:17:515 [35516] | INFO  | Destroyed runtime environment on runtime 000001C3F231BEF0 ('D:\Steam\steamapps\common\Ori and the Will of the Wisps\ReShade.ini').
16:41:17:521 [35516] | INFO  | Recreated runtime environment on runtime 000001C3F231BEF0 ('D:\Steam\steamapps\common\Ori and the Will of the Wisps\ReShade.ini').
16:41:17:530 [37492] | INFO  | Successfully compiled 'D:\Steam\steamapps\common\Ori and the Will of the Wisps\reshade-shaders\Shaders\Daltonize.fx' in 0.004000 s.
16:41:17:531 [36248] | INFO  | Successfully compiled 'D:\Steam\steamapps\common\Ori and the Will of the Wisps\reshade-shaders\Shaders\LUT.fx' in 0.005000 s.
16:41:17:532 [18232] | INFO  | Successfully compiled 'D:\Steam\steamapps\common\Ori and the Will of the Wisps\reshade-shaders\Shaders\UIMask.fx' in 0.005000 s.
16:41:17:532 [14332] | INFO  | Successfully compiled 'D:\Steam\steamapps\common\Ori and the Will of the Wisps\reshade-shaders\Shaders\DisplayDepth.fx' in 0.005000 s.
16:41:17:532 [22256] | INFO  | Successfully compiled 'D:\Steam\steamapps\common\Ori and the Will of the Wisps\reshade-shaders\Shaders\Deband.fx' in 0.006000 s.
16:41:17:547 [40392] | INFO  | Successfully compiled 'D:\Steam\steamapps\common\Ori and the Will of the Wisps\reshade-shaders\Shaders\Depth3D\SuperDepth3D.fx' in 0.020000 s.
16:41:26:484 [35516] | INFO  | Redirecting IDXGISwapChain::SetFullscreenState(this = 000001C3E3CE1EC0, Fullscreen = FALSE, pTarget = 0000000000000000) ...
16:41:26:487 [35516] | INFO  | Destroyed runtime environment on runtime 000001C3F231BEF0 ('D:\Steam\steamapps\common\Ori and the Will of the Wisps\ReShade.ini').
16:41:26:495 [35516] | WARN  | Reference count for ID3D11Device2 object 000001C3D38B15E8 (000001C3D5CDE140) is inconsistent (11).
